<?xml version="1.0" encoding="UTF-8"?>
<testng-results ignored="0" total="1" passed="1" failed="0" skipped="0">
  <reporter-output>
  </reporter-output>
  <suite started-at="2022-06-18T17:58:42 IST" name="Default suite" finished-at="2022-06-18T17:59:05 IST" duration-ms="22762">
    <groups>
      <group name="cucumber">
        <method signature="AbstractTestNGCucumberTests.runScenario(io.cucumber.testng.PickleWrapper,io.cucumber.testng.FeatureWrapper)[pri:0, instance:runner.TestRunner@41a0aa7d]" name="runScenario" class="io.cucumber.testng.AbstractTestNGCucumberTests"/>
      </group> <!-- cucumber -->
    </groups>
    <test started-at="2022-06-18T17:58:42 IST" name="Default test" finished-at="2022-06-18T17:59:05 IST" duration-ms="22762">
      <class name="runner.TestRunner">
        <test-method is-config="true" signature="setUpClass(org.testng.ITestContext)[pri:0, instance:runner.TestRunner@41a0aa7d]" started-at="2022-06-18T17:58:42 IST" name="setUpClass" finished-at="2022-06-18T17:58:43 IST" duration-ms="744" status="PASS">
          <params>
            <param index="0">
              <value>
                <![CDATA[org.testng.TestRunner@747f6c5a]]>
              </value>
            </param>
          </params>
          <reporter-output>
          </reporter-output>
        </test-method> <!-- setUpClass -->
        <test-method signature="runScenario(io.cucumber.testng.PickleWrapper,io.cucumber.testng.FeatureWrapper)[pri:0, instance:runner.TestRunner@41a0aa7d]" started-at="2022-06-18T17:58:43 IST" name="runScenario" description="Runs Cucumber Scenarios" data-provider="scenarios" finished-at="2022-06-18T17:59:03 IST" duration-ms="20753" status="PASS">
          <params>
            <param index="0">
              <value>
                <![CDATA["Login to Amazon homepage"]]>
              </value>
            </param>
            <param index="1">
              <value>
                <![CDATA["Login to Amazon India"]]>
              </value>
            </param>
          </params>
          <reporter-output>
          </reporter-output>
        </test-method> <!-- runScenario -->
        <test-method is-config="true" signature="tearDownClass()[pri:0, instance:runner.TestRunner@41a0aa7d]" started-at="2022-06-18T17:59:03 IST" name="tearDownClass" finished-at="2022-06-18T17:59:05 IST" duration-ms="1183" status="PASS">
          <reporter-output>
          </reporter-output>
        </test-method> <!-- tearDownClass -->
      </class> <!-- runner.TestRunner -->
    </test> <!-- Default test -->
  </suite> <!-- Default suite -->
</testng-results>
